<?xml version="1.0" encoding="UTF-8"?>
<!-- Generated by org.testng.reporters.JUnitXMLReporter -->
<testsuite ignored="2" hostname="DESKTOP-H8OB3OI" failures="1" tests="2" name="Roosters Home Page and Contact Us Page Test" time="11.744" errors="0" timestamp="2024-03-07T18:58:30 IST">
  <testcase classname="com.okr.testcases.ContactUsPageTest" name="contactUsPage" time="0.028">
    <failure type="java.lang.NullPointerException" message="Cannot invoke &amp;quot;com.aventstack.extentreports.ExtentTest.info(String)&amp;quot; because &amp;quot;com.okr.testcases.ContactUsPageTest.logger&amp;quot; is null">
      <![CDATA[java.lang.NullPointerException: Cannot invoke "com.aventstack.extentreports.ExtentTest.info(String)" because "com.okr.testcases.ContactUsPageTest.logger" is null
at com.okr.testcases.ContactUsPageTest.contactUsPage(ContactUsPageTest.java:124)
at java.base/java.util.concurrent.ThreadPoolExecutor.runWorker(ThreadPoolExecutor.java:1136)
at java.base/java.util.concurrent.ThreadPoolExecutor$Worker.run(ThreadPoolExecutor.java:635)
at java.base/java.lang.Thread.run(Thread.java:833)
... Removed 12 stack frames]]>
    </failure>
  </testcase> <!-- contactUsPage -->
  <testcase classname="com.okr.testcases.HomePageTest" name="testHomePage" time="1.632"/>
  <testcase classname="com.okr.pages.BaseClass" name="@AfterSuite tearDownSuite" time="0.0">
    <ignored/>
  </testcase> <!-- @AfterSuite tearDownSuite -->
  <testcase classname="com.okr.pages.BaseClass" name="@BeforeSuite setUpSuite" time="0.0">
    <ignored/>
  </testcase> <!-- @BeforeSuite setUpSuite -->
</testsuite> <!-- Roosters Home Page and Contact Us Page Test -->
